<?xml version="1.0" encoding="UTF-8"?>
<testsuite xmlns:xsi="http://www.w3.org/2001/XMLSchema-instance" xsi:noNamespaceSchemaLocation="https://maven.apache.org/surefire/maven-surefire-plugin/xsd/surefire-test-report-3.0.xsd" version="3.0" name="TestSuite" time="11.561" tests="6" errors="0" skipped="0" failures="0">
  <properties>
    <property name="gopherProxySet" value="false"/>
    <property name="awt.toolkit" value="sun.lwawt.macosx.LWCToolkit"/>
    <property name="file.encoding.pkg" value="sun.io"/>
    <property name="java.specification.version" value="1.8"/>
    <property name="sun.cpu.isalist" value=""/>
    <property name="sun.jnu.encoding" value="UTF-8"/>
    <property name="java.class.path" value="/Users/techops/Desktop/APITest/target/test-classes:/Users/techops/Desktop/APITest/target/classes:/Users/techops/.m2/repository/io/rest-assured/rest-assured/3.0.2/rest-assured-3.0.2.jar:/Users/techops/.m2/repository/org/codehaus/groovy/groovy/2.4.6/groovy-2.4.6.jar:/Users/techops/.m2/repository/org/codehaus/groovy/groovy-xml/2.4.6/groovy-xml-2.4.6.jar:/Users/techops/.m2/repository/org/apache/httpcomponents/httpclient/4.5.2/httpclient-4.5.2.jar:/Users/techops/.m2/repository/org/apache/httpcomponents/httpcore/4.4.4/httpcore-4.4.4.jar:/Users/techops/.m2/repository/commons-logging/commons-logging/1.2/commons-logging-1.2.jar:/Users/techops/.m2/repository/commons-codec/commons-codec/1.9/commons-codec-1.9.jar:/Users/techops/.m2/repository/org/apache/httpcomponents/httpmime/4.5.1/httpmime-4.5.1.jar:/Users/techops/.m2/repository/org/hamcrest/hamcrest-core/1.3/hamcrest-core-1.3.jar:/Users/techops/.m2/repository/org/hamcrest/hamcrest-library/1.3/hamcrest-library-1.3.jar:/Users/techops/.m2/repository/org/ccil/cowan/tagsoup/tagsoup/1.2.1/tagsoup-1.2.1.jar:/Users/techops/.m2/repository/io/rest-assured/xml-path/3.0.2/xml-path-3.0.2.jar:/Users/techops/.m2/repository/org/apache/commons/commons-lang3/3.4/commons-lang3-3.4.jar:/Users/techops/.m2/repository/io/rest-assured/json-path/3.0.2/json-path-3.0.2.jar:/Users/techops/.m2/repository/org/codehaus/groovy/groovy-json/2.4.6/groovy-json-2.4.6.jar:/Users/techops/.m2/repository/io/rest-assured/rest-assured-common/3.0.2/rest-assured-common-3.0.2.jar:/Users/techops/.m2/repository/io/rest-assured/json-schema-validator/3.0.2/json-schema-validator-3.0.2.jar:/Users/techops/.m2/repository/com/github/fge/json-schema-validator/2.2.6/json-schema-validator-2.2.6.jar:/Users/techops/.m2/repository/com/google/code/findbugs/jsr305/3.0.0/jsr305-3.0.0.jar:/Users/techops/.m2/repository/joda-time/joda-time/2.3/joda-time-2.3.jar:/Users/techops/.m2/repository/com/googlecode/libphonenumber/libphonenumber/6.2/libphonenumber-6.2.jar:/Users/techops/.m2/repository/com/github/fge/json-schema-core/1.2.5/json-schema-core-1.2.5.jar:/Users/techops/.m2/repository/com/github/fge/uri-template/0.9/uri-template-0.9.jar:/Users/techops/.m2/repository/com/github/fge/msg-simple/1.1/msg-simple-1.1.jar:/Users/techops/.m2/repository/com/github/fge/btf/1.2/btf-1.2.jar:/Users/techops/.m2/repository/com/google/guava/guava/16.0.1/guava-16.0.1.jar:/Users/techops/.m2/repository/com/github/fge/jackson-coreutils/1.8/jackson-coreutils-1.8.jar:/Users/techops/.m2/repository/com/fasterxml/jackson/core/jackson-databind/2.2.3/jackson-databind-2.2.3.jar:/Users/techops/.m2/repository/com/fasterxml/jackson/core/jackson-annotations/2.2.3/jackson-annotations-2.2.3.jar:/Users/techops/.m2/repository/com/fasterxml/jackson/core/jackson-core/2.2.3/jackson-core-2.2.3.jar:/Users/techops/.m2/repository/org/mozilla/rhino/1.7R4/rhino-1.7R4.jar:/Users/techops/.m2/repository/javax/mail/mailapi/1.4.3/mailapi-1.4.3.jar:/Users/techops/.m2/repository/javax/activation/activation/1.1/activation-1.1.jar:/Users/techops/.m2/repository/net/sf/jopt-simple/jopt-simple/4.6/jopt-simple-4.6.jar:/Users/techops/.m2/repository/org/testng/testng/6.5.2/testng-6.5.2.jar:/Users/techops/.m2/repository/junit/junit/4.10/junit-4.10.jar:/Users/techops/.m2/repository/org/beanshell/bsh/2.0b4/bsh-2.0b4.jar:/Users/techops/.m2/repository/com/beust/jcommander/1.12/jcommander-1.12.jar:/Users/techops/.m2/repository/org/yaml/snakeyaml/1.6/snakeyaml-1.6.jar:/Users/techops/.m2/repository/org/hamcrest/java-hamcrest/2.0.0.0/java-hamcrest-2.0.0.0.jar:/Users/techops/.m2/repository/org/json/json/20160810/json-20160810.jar:"/>
    <property name="java.vm.vendor" value="Oracle Corporation"/>
    <property name="sun.arch.data.model" value="64"/>
    <property name="java.vendor.url" value="http://java.oracle.com/"/>
    <property name="user.timezone" value="Asia/Kolkata"/>
    <property name="java.vm.specification.version" value="1.8"/>
    <property name="os.name" value="Mac OS X"/>
    <property name="user.country" value="IN"/>
    <property name="sun.java.launcher" value="SUN_STANDARD"/>
    <property name="sun.boot.library.path" value="/Library/Java/JavaVirtualMachines/jdk1.8.0_201.jdk/Contents/Home/jre/lib"/>
    <property name="sun.java.command" value="/Users/techops/Desktop/APITest/target/surefire/surefirebooter6636401991809088346.jar /Users/techops/Desktop/APITest/target/surefire 2019-12-15T23-35-34_973-jvmRun1 surefire5892601254735708445tmp surefire_01314222912943073419tmp"/>
    <property name="http.nonProxyHosts" value="local|*.local|169.254/16|*.169.254/16"/>
    <property name="surefire.test.class.path" value="/Users/techops/Desktop/APITest/target/test-classes:/Users/techops/Desktop/APITest/target/classes:/Users/techops/.m2/repository/io/rest-assured/rest-assured/3.0.2/rest-assured-3.0.2.jar:/Users/techops/.m2/repository/org/codehaus/groovy/groovy/2.4.6/groovy-2.4.6.jar:/Users/techops/.m2/repository/org/codehaus/groovy/groovy-xml/2.4.6/groovy-xml-2.4.6.jar:/Users/techops/.m2/repository/org/apache/httpcomponents/httpclient/4.5.2/httpclient-4.5.2.jar:/Users/techops/.m2/repository/org/apache/httpcomponents/httpcore/4.4.4/httpcore-4.4.4.jar:/Users/techops/.m2/repository/commons-logging/commons-logging/1.2/commons-logging-1.2.jar:/Users/techops/.m2/repository/commons-codec/commons-codec/1.9/commons-codec-1.9.jar:/Users/techops/.m2/repository/org/apache/httpcomponents/httpmime/4.5.1/httpmime-4.5.1.jar:/Users/techops/.m2/repository/org/hamcrest/hamcrest-core/1.3/hamcrest-core-1.3.jar:/Users/techops/.m2/repository/org/hamcrest/hamcrest-library/1.3/hamcrest-library-1.3.jar:/Users/techops/.m2/repository/org/ccil/cowan/tagsoup/tagsoup/1.2.1/tagsoup-1.2.1.jar:/Users/techops/.m2/repository/io/rest-assured/xml-path/3.0.2/xml-path-3.0.2.jar:/Users/techops/.m2/repository/org/apache/commons/commons-lang3/3.4/commons-lang3-3.4.jar:/Users/techops/.m2/repository/io/rest-assured/json-path/3.0.2/json-path-3.0.2.jar:/Users/techops/.m2/repository/org/codehaus/groovy/groovy-json/2.4.6/groovy-json-2.4.6.jar:/Users/techops/.m2/repository/io/rest-assured/rest-assured-common/3.0.2/rest-assured-common-3.0.2.jar:/Users/techops/.m2/repository/io/rest-assured/json-schema-validator/3.0.2/json-schema-validator-3.0.2.jar:/Users/techops/.m2/repository/com/github/fge/json-schema-validator/2.2.6/json-schema-validator-2.2.6.jar:/Users/techops/.m2/repository/com/google/code/findbugs/jsr305/3.0.0/jsr305-3.0.0.jar:/Users/techops/.m2/repository/joda-time/joda-time/2.3/joda-time-2.3.jar:/Users/techops/.m2/repository/com/googlecode/libphonenumber/libphonenumber/6.2/libphonenumber-6.2.jar:/Users/techops/.m2/repository/com/github/fge/json-schema-core/1.2.5/json-schema-core-1.2.5.jar:/Users/techops/.m2/repository/com/github/fge/uri-template/0.9/uri-template-0.9.jar:/Users/techops/.m2/repository/com/github/fge/msg-simple/1.1/msg-simple-1.1.jar:/Users/techops/.m2/repository/com/github/fge/btf/1.2/btf-1.2.jar:/Users/techops/.m2/repository/com/google/guava/guava/16.0.1/guava-16.0.1.jar:/Users/techops/.m2/repository/com/github/fge/jackson-coreutils/1.8/jackson-coreutils-1.8.jar:/Users/techops/.m2/repository/com/fasterxml/jackson/core/jackson-databind/2.2.3/jackson-databind-2.2.3.jar:/Users/techops/.m2/repository/com/fasterxml/jackson/core/jackson-annotations/2.2.3/jackson-annotations-2.2.3.jar:/Users/techops/.m2/repository/com/fasterxml/jackson/core/jackson-core/2.2.3/jackson-core-2.2.3.jar:/Users/techops/.m2/repository/org/mozilla/rhino/1.7R4/rhino-1.7R4.jar:/Users/techops/.m2/repository/javax/mail/mailapi/1.4.3/mailapi-1.4.3.jar:/Users/techops/.m2/repository/javax/activation/activation/1.1/activation-1.1.jar:/Users/techops/.m2/repository/net/sf/jopt-simple/jopt-simple/4.6/jopt-simple-4.6.jar:/Users/techops/.m2/repository/org/testng/testng/6.5.2/testng-6.5.2.jar:/Users/techops/.m2/repository/junit/junit/4.10/junit-4.10.jar:/Users/techops/.m2/repository/org/beanshell/bsh/2.0b4/bsh-2.0b4.jar:/Users/techops/.m2/repository/com/beust/jcommander/1.12/jcommander-1.12.jar:/Users/techops/.m2/repository/org/yaml/snakeyaml/1.6/snakeyaml-1.6.jar:/Users/techops/.m2/repository/org/hamcrest/java-hamcrest/2.0.0.0/java-hamcrest-2.0.0.0.jar:/Users/techops/.m2/repository/org/json/json/20160810/json-20160810.jar:"/>
    <property name="sun.cpu.endian" value="little"/>
    <property name="user.home" value="/Users/techops"/>
    <property name="user.language" value="en"/>
    <property name="java.specification.vendor" value="Oracle Corporation"/>
    <property name="java.home" value="/Library/Java/JavaVirtualMachines/jdk1.8.0_201.jdk/Contents/Home/jre"/>
    <property name="basedir" value="/Users/techops/Desktop/APITest"/>
    <property name="file.separator" value="/"/>
    <property name="line.separator" value="&#10;"/>
    <property name="java.vm.specification.vendor" value="Oracle Corporation"/>
    <property name="java.specification.name" value="Java Platform API Specification"/>
    <property name="java.awt.graphicsenv" value="sun.awt.CGraphicsEnvironment"/>
    <property name="surefire.real.class.path" value="/Users/techops/Desktop/APITest/target/surefire/surefirebooter6636401991809088346.jar"/>
    <property name="sun.boot.class.path" value="/Library/Java/JavaVirtualMachines/jdk1.8.0_201.jdk/Contents/Home/jre/lib/resources.jar:/Library/Java/JavaVirtualMachines/jdk1.8.0_201.jdk/Contents/Home/jre/lib/rt.jar:/Library/Java/JavaVirtualMachines/jdk1.8.0_201.jdk/Contents/Home/jre/lib/sunrsasign.jar:/Library/Java/JavaVirtualMachines/jdk1.8.0_201.jdk/Contents/Home/jre/lib/jsse.jar:/Library/Java/JavaVirtualMachines/jdk1.8.0_201.jdk/Contents/Home/jre/lib/jce.jar:/Library/Java/JavaVirtualMachines/jdk1.8.0_201.jdk/Contents/Home/jre/lib/charsets.jar:/Library/Java/JavaVirtualMachines/jdk1.8.0_201.jdk/Contents/Home/jre/lib/jfr.jar:/Library/Java/JavaVirtualMachines/jdk1.8.0_201.jdk/Contents/Home/jre/classes"/>
    <property name="sun.management.compiler" value="HotSpot 64-Bit Tiered Compilers"/>
    <property name="ftp.nonProxyHosts" value="local|*.local|169.254/16|*.169.254/16"/>
    <property name="java.runtime.version" value="1.8.0_201-b09"/>
    <property name="user.name" value="techops"/>
    <property name="path.separator" value=":"/>
    <property name="os.version" value="10.13.6"/>
    <property name="java.endorsed.dirs" value="/Library/Java/JavaVirtualMachines/jdk1.8.0_201.jdk/Contents/Home/jre/lib/endorsed"/>
    <property name="java.runtime.name" value="Java(TM) SE Runtime Environment"/>
    <property name="file.encoding" value="US-ASCII"/>
    <property name="java.vm.name" value="Java HotSpot(TM) 64-Bit Server VM"/>
    <property name="localRepository" value="/Users/techops/.m2/repository"/>
    <property name="java.vendor.url.bug" value="http://bugreport.sun.com/bugreport/"/>
    <property name="java.io.tmpdir" value="/var/folders/ym/2_6h69453w9cbsbv046y45r40000gq/T/"/>
    <property name="java.version" value="1.8.0_201"/>
    <property name="user.dir" value="/Users/techops/Desktop/APITest"/>
    <property name="os.arch" value="x86_64"/>
    <property name="java.vm.specification.name" value="Java Virtual Machine Specification"/>
    <property name="java.awt.printerjob" value="sun.lwawt.macosx.CPrinterJob"/>
    <property name="sun.os.patch.level" value="unknown"/>
    <property name="java.library.path" value="/Users/techops/Library/Java/Extensions:/Library/Java/Extensions:/Network/Library/Java/Extensions:/System/Library/Java/Extensions:/usr/lib/java:."/>
    <property name="java.vm.info" value="mixed mode"/>
    <property name="java.vendor" value="Oracle Corporation"/>
    <property name="java.vm.version" value="25.201-b09"/>
    <property name="java.ext.dirs" value="/Users/techops/Library/Java/Extensions:/Library/Java/JavaVirtualMachines/jdk1.8.0_201.jdk/Contents/Home/jre/lib/ext:/Library/Java/Extensions:/Network/Library/Java/Extensions:/System/Library/Java/Extensions:/usr/lib/java"/>
    <property name="sun.io.unicode.encoding" value="UnicodeBig"/>
    <property name="java.class.version" value="52.0"/>
    <property name="socksNonProxyHosts" value="local|*.local|169.254/16|*.169.254/16"/>
  </properties>
  <testcase name="addToCartTest" classname="tests.End2EndFlow" time="1.392"/>
  <testcase name="getProducts" classname="tests.End2EndFlow" time="1.461"/>
  <testcase name="testCreateCart" classname="tests.End2EndFlow" time="1.162"/>
  <testcase name="testViewCart" classname="tests.End2EndFlow" time="1.179"/>
  <testcase name="testProductDetails" classname="tests.End2EndFlow" time="1.204"/>
  <testcase name="testDeleteItem" classname="tests.End2EndFlow" time="1.635"/>
</testsuite>