<?xml version="1.0" encoding="UTF-8"?>
<!-- Generated by org.testng.reporters.JUnitReportReporter -->
<testsuite hostname="Admins-MacBook-Pro.local" name="tests.End2EndFlow" tests="6" failures="0" timestamp="15 Dec 2019 18:05:47 GMT" time="8.034" errors="0">
  <testcase name="testCreateCart" time="1.163" classname="tests.End2EndFlow"/>
  <testcase name="testViewCart" time="1.180" classname="tests.End2EndFlow"/>
  <testcase name="addToCartTest" time="1.392" classname="tests.End2EndFlow"/>
  <testcase name="testProductDetails" time="1.204" classname="tests.End2EndFlow"/>
  <testcase name="testDeleteItem" time="1.633" classname="tests.End2EndFlow"/>
  <testcase name="getProducts" time="1.462" classname="tests.End2EndFlow"/>
</testsuite> <!-- tests.End2EndFlow -->
